{"C:\\Dev\\projetos\\pessoais\\api-support-ticket\\tests\\utils\\orchestrator.ts": {"path":"C:\\Dev\\projetos\\pessoais\\api-support-ticket\\tests\\utils\\orchestrator.ts","statementMap":{"0":{"start":{"line":8,"column":0},"end":{"line":8,"column":7}},"1":{"start":{"line":18,"column":0},"end":{"line":18,"column":7}},"2":{"start":{"line":1,"column":0},"end":{"line":1,"column":26}},"3":{"start":{"line":3,"column":13},"end":{"line":6,"column":2}},"4":{"start":{"line":9,"column":17},"end":{"line":9,"column":37}},"5":{"start":{"line":11,"column":2},"end":{"line":15,"column":3}},"6":{"start":{"line":12,"column":4},"end":{"line":12,"column":65}},"7":{"start":{"line":14,"column":4},"end":{"line":14,"column":21}},"8":{"start":{"line":19,"column":2},"end":{"line":19,"column":19}}},"fnMap":{"0":{"name":"clearDatabase","decl":{"start":{"line":8,"column":22},"end":{"line":8,"column":35}},"loc":{"start":{"line":8,"column":35},"end":{"line":16,"column":1}}},"1":{"name":"closeTestDatabasePool","decl":{"start":{"line":18,"column":22},"end":{"line":18,"column":43}},"loc":{"start":{"line":18,"column":43},"end":{"line":20,"column":1}}}},"branchMap":{},"s":{"0":1,"1":1,"2":1,"3":1,"4":1,"5":1,"6":1,"7":1,"8":1},"f":{"0":1,"1":1},"b":{}}
}
